<?xml version="1.0" encoding="UTF-8"?>
<!-- Generated by org.testng.reporters.JUnitReportReporter -->
<testsuite hostname="DESKTOP-H0PI4DT" failures="0" tests="4" name="crossBrowserTest.HTMLogin_CrossBrowserTesting" time="20.351" errors="0" timestamp="2022-08-09T13:29:16 IST" skipped="0">
  <testcase classname="crossBrowserTest.HTMLogin_CrossBrowserTesting" name="verifyLogin" time="4.932"/>
  <system-out/>
  <testcase classname="crossBrowserTest.HTMLogin_CrossBrowserTesting" name="verifyLogin" time="5.081"/>
  <system-out/>
  <testcase classname="crossBrowserTest.HTMLogin_CrossBrowserTesting" name="verifyLogout" time="5.163"/>
  <system-out/>
  <testcase classname="crossBrowserTest.HTMLogin_CrossBrowserTesting" name="verifyLogout" time="5.175"/>
  <system-out/>
</testsuite> <!-- crossBrowserTest.HTMLogin_CrossBrowserTesting -->
