<?xml version="1.0" encoding="UTF-8"?>
<!-- Generated by org.testng.reporters.JUnitReportReporter -->
<testsuite hostname="DESKTOP-H0PI4DT" failures="0" tests="1" name="tests.LoginTest" time="9.307" errors="0" timestamp="2022-08-13T13:16:14 IST" skipped="0">
  <testcase classname="tests.LoginTest" name="verifyLogin" time="9.307"/>
  <system-out/>
</testsuite> <!-- tests.LoginTest -->
