<?xml version="1.0" encoding="UTF-8"?>
<!-- Generated by org.testng.reporters.JUnitReportReporter -->
<testsuite hostname="DESKTOP-H0PI4DT" failures="0" tests="1" name="excelFileExample.RegisterStudentExcelTest" time="46.945" errors="0" timestamp="2022-09-01T13:32:44 IST" skipped="0">
  <testcase classname="excelFileExample.RegisterStudentExcelTest" name="RegistrationDataDrivernTest" time="46.945"/>
  <system-out/>
</testsuite> <!-- excelFileExample.RegisterStudentExcelTest -->
