<?xml version="1.0" encoding="UTF-8"?>
<!-- Generated by org.testng.reporters.JUnitReportReporter -->
<testsuite hostname="DESKTOP-H0PI4DT" failures="0" tests="1" name="actionExample.Amazon_SignInClick" time="5.864" errors="0" timestamp="2022-08-13T16:21:39 IST" skipped="0">
  <testcase classname="actionExample.Amazon_SignInClick" name="DoubleClickTest" time="5.864"/>
  <system-out/>
</testsuite> <!-- actionExample.Amazon_SignInClick -->
