<?xml version="1.0" encoding="UTF-8"?>
<!-- Generated by org.testng.reporters.JUnitReportReporter -->
<testsuite hostname="DESKTOP-H0PI4DT" failures="0" tests="1" name="conditionalWaitExxample.ConditionalWaitTest" time="14.521" errors="0" timestamp="2022-08-09T16:04:22 IST" skipped="0">
  <testcase classname="conditionalWaitExxample.ConditionalWaitTest" name="DoubleClickTest" time="14.521"/>
  <system-out/>
</testsuite> <!-- conditionalWaitExxample.ConditionalWaitTest -->
