<?xml version="1.0" encoding="UTF-8"?>
<!-- Generated by org.testng.reporters.JUnitReportReporter -->
<testsuite hostname="DESKTOP-H0PI4DT" failures="0" tests="1" name="hrmLoginExample.HRMLogin" time="5.263" errors="0" timestamp="2022-08-10T15:12:07 IST" skipped="0">
  <testcase classname="hrmLoginExample.HRMLogin" name="login" time="5.263"/>
  <system-out/>
</testsuite> <!-- hrmLoginExample.HRMLogin -->
