<?xml version="1.0" encoding="UTF-8"?>
<!-- Generated by org.testng.reporters.JUnitReportReporter -->
<testsuite hostname="DESKTOP-H0PI4DT" failures="0" tests="1" name="logExample.Logging_hrmLogin2" time="5.937" errors="0" timestamp="2022-08-10T13:15:38 IST" skipped="0">
  <testcase classname="logExample.Logging_hrmLogin2" name="Login_LogoutTest" time="5.937"/>
  <system-out/>
</testsuite> <!-- logExample.Logging_hrmLogin2 -->
