<?xml version="1.0" encoding="UTF-8"?>
<!-- Generated by org.testng.reporters.JUnitReportReporter -->
<testsuite hostname="DESKTOP-H0PI4DT" failures="0" tests="1" name="recap.SampleTest" time="0.019" errors="0" timestamp="2022-08-09T11:36:29 IST" skipped="0">
  <testcase classname="recap.SampleTest" name="amazontest" time="0.019"/>
</testsuite> <!-- recap.SampleTest -->
