<?xml version="1.0" encoding="UTF-8"?>
<!-- Generated by org.testng.reporters.JUnitReportReporter -->
<testsuite hostname="DESKTOP-H0PI4DT" failures="0" tests="1" name="logExample.Logging_nopComm" time="5.760" errors="0" timestamp="2022-08-10T12:14:35 IST" skipped="0">
  <testcase classname="logExample.Logging_nopComm" name="Login_LogoutTest" time="5.760"/>
  <system-out/>
</testsuite> <!-- logExample.Logging_nopComm -->
