<?xml version="1.0" encoding="UTF-8"?>
<!-- Generated by org.testng.reporters.JUnitReportReporter -->
<testsuite hostname="DESKTOP-H0PI4DT" failures="0" tests="1" name="xpathAxises.Amazon_xpath_example2" time="4.245" errors="0" timestamp="2022-08-13T16:16:12 IST" skipped="0">
  <testcase classname="xpathAxises.Amazon_xpath_example2" name="verifySeeMoreTest" time="4.245"/>
  <system-out/>
</testsuite> <!-- xpathAxises.Amazon_xpath_example2 -->
