<?xml version="1.0" encoding="UTF-8"?>
<!-- Generated by org.testng.reporters.JUnitReportReporter -->
<testsuite hostname="DESKTOP-H0PI4DT" failures="0" tests="1" name="handleWindowsExample.IRCTC_HotelBookingTest" time="26.898" errors="0" timestamp="2022-08-10T11:25:50 IST" skipped="0">
  <testcase classname="handleWindowsExample.IRCTC_HotelBookingTest" name="DoubleClickTest" time="26.898"/>
  <system-out/>
</testsuite> <!-- handleWindowsExample.IRCTC_HotelBookingTest -->
