<?xml version="1.0" encoding="UTF-8"?>
<!-- Generated by org.testng.reporters.JUnitReportReporter -->
<testsuite hostname="DESKTOP-H0PI4DT" failures="0" tests="1" name="recap.ConditionalExample" time="22.163" errors="0" timestamp="2022-08-10T10:25:01 IST" skipped="0">
  <testcase classname="recap.ConditionalExample" name="testcase1" time="22.163"/>
  <system-out/>
</testsuite> <!-- recap.ConditionalExample -->
