<?xml version="1.0" encoding="UTF-8"?>
<!-- Generated by org.testng.reporters.JUnitReportReporter -->
<testsuite hostname="DESKTOP-H0PI4DT" failures="0" tests="4" name="hrmLoginExample.HRMLoginTest" time="13.208" errors="0" timestamp="2022-08-10T15:15:02 IST" skipped="0">
  <testcase classname="hrmLoginExample.HRMLoginTest" name="verifyLogout" time="1.798"/>
  <system-out/>
  <testcase classname="hrmLoginExample.HRMLoginTest" name="verifyLogin" time="4.798"/>
  <system-out/>
  <testcase classname="hrmLoginExample.HRMLoginTest" name="verifyLogout" time="1.623"/>
  <system-out/>
  <testcase classname="hrmLoginExample.HRMLoginTest" name="verifyLogin" time="4.989"/>
  <system-out/>
</testsuite> <!-- hrmLoginExample.HRMLoginTest -->
