<?xml version="1.0" encoding="UTF-8"?>
<!-- Generated by org.testng.reporters.JUnitReportReporter -->
<testsuite hostname="DESKTOP-H0PI4DT" failures="0" tests="1" name="conditionalWaitExxample.ConditionalWaitTest_hrmLogin" time="5.798" errors="0" timestamp="2022-08-10T10:41:27 IST" skipped="0">
  <testcase classname="conditionalWaitExxample.ConditionalWaitTest_hrmLogin" name="Login_LogoutTest" time="5.798"/>
  <system-out/>
</testsuite> <!-- conditionalWaitExxample.ConditionalWaitTest_hrmLogin -->
