<?xml version="1.0" encoding="UTF-8"?>
<!-- Generated by org.testng.reporters.JUnitReportReporter -->
<testsuite hostname="DESKTOP-H0PI4DT" failures="0" tests="1" name="actionExample.globalsqaExample" time="6.745" errors="0" timestamp="2022-08-09T13:11:57 IST" skipped="0">
  <testcase classname="actionExample.globalsqaExample" name="dragdropTest" time="6.745"/>
  <system-out/>
</testsuite> <!-- actionExample.globalsqaExample -->
