<?xml version="1.0" encoding="UTF-8"?>
<!-- Generated by org.testng.reporters.JUnitReportReporter -->
<testsuite hostname="DESKTOP-H0PI4DT" failures="0" tests="1" name="conditionalWaitExxample.ConditionalWait_Alert" time="10.797" errors="0" timestamp="2022-08-09T16:11:03 IST" skipped="0">
  <testcase classname="conditionalWaitExxample.ConditionalWait_Alert" name="AlertTest" time="10.797"/>
  <system-out/>
</testsuite> <!-- conditionalWaitExxample.ConditionalWait_Alert -->
