<?xml version="1.0" encoding="UTF-8"?>
<!-- Generated by org.testng.reporters.JUnitReportReporter -->
<testsuite hostname="DESKTOP-H0PI4DT" failures="0" tests="4" name="crossBrowserTest.HTMLogin_CrossBrowserTesting" time="20.679" errors="0" timestamp="2022-08-13T12:36:47 IST" skipped="0">
  <testcase classname="crossBrowserTest.HTMLogin_CrossBrowserTesting" name="verifyLogout" time="5.336"/>
  <system-out/>
  <testcase classname="crossBrowserTest.HTMLogin_CrossBrowserTesting" name="verifyLogout" time="5.304"/>
  <system-out/>
  <testcase classname="crossBrowserTest.HTMLogin_CrossBrowserTesting" name="verifyLogin" time="5.087"/>
  <system-out/>
  <testcase classname="crossBrowserTest.HTMLogin_CrossBrowserTesting" name="verifyLogin" time="4.952"/>
  <system-out/>
</testsuite> <!-- crossBrowserTest.HTMLogin_CrossBrowserTesting -->
